[debug] [2026-05-02T08:27:23.707Z] ----------------------------------------------------------------------
[debug] [2026-05-02T08:27:23.709Z] Command:       C:\Program Files\nodejs\node.exe C:\Users\karth\AppData\Roaming\npm\node_modules\firebase-tools\lib\bin\firebase.js projects:list
[debug] [2026-05-02T08:27:23.710Z] CLI Version:   15.15.0
[debug] [2026-05-02T08:27:23.710Z] Platform:      win32
[debug] [2026-05-02T08:27:23.710Z] Node Version:  v22.17.0
[debug] [2026-05-02T08:27:23.710Z] Time:          Sat May 02 2026 13:57:23 GMT+0530 (India Standard Time)
[debug] [2026-05-02T08:27:23.710Z] ----------------------------------------------------------------------
[debug] 
[debug] [2026-05-02T08:27:23.903Z] > command requires scopes: ["email","openid","https://www.googleapis.com/auth/cloudplatformprojects.readonly","https://www.googleapis.com/auth/firebase","https://www.googleapis.com/auth/cloud-platform"]
[debug] [2026-05-02T08:27:23.903Z] > authorizing via signed-in user (codedelights@gmail.com)
[debug] [2026-05-02T08:27:23.906Z] Checked if tokens are valid: true, expires at: 1777713851367
[debug] [2026-05-02T08:27:23.906Z] Checked if tokens are valid: true, expires at: 1777713851367
[debug] [2026-05-02T08:27:23.907Z] >>> [apiv2][query] GET https://firebase.googleapis.com/v1beta1/projects pageSize=1000
[debug] [2026-05-02T08:27:26.779Z] <<< [apiv2][status] GET https://firebase.googleapis.com/v1beta1/projects 200
[debug] [2026-05-02T08:27:26.780Z] <<< [apiv2][body] GET https://firebase.googleapis.com/v1beta1/projects [omitted]
[info] ┌──────────────────────┬───────────────────────┬────────────────┬──────────────────────┐
│ Project Display Name │ Project ID            │ Project Number │ Resource Location ID │
├──────────────────────┼───────────────────────┼────────────────┼──────────────────────┤
│ CohereFlow           │ cohere-flow (current) │ 527937402735   │ [Not specified]      │
├──────────────────────┼───────────────────────┼────────────────┼──────────────────────┤
│ kpm-new              │ kpm-new               │ 747318258754   │ [Not specified]      │
├──────────────────────┼───────────────────────┼────────────────┼──────────────────────┤
│ payment-ledger       │ payment-ledger-2026   │ 1041476587688  │ [Not specified]      │
├──────────────────────┼───────────────────────┼────────────────┼──────────────────────┤
│ resolutions-2021     │ resolutions-2021      │ 378699667388   │ asia-south1          │
├──────────────────────┼───────────────────────┼────────────────┼──────────────────────┤
│ s2a-billing          │ s2a-billing           │ 697401070196   │ [Not specified]      │
├──────────────────────┼───────────────────────┼────────────────┼──────────────────────┤
│ s2a-digi-zone        │ s2a-digi-zone         │ 1058338089900  │ [Not specified]      │
├──────────────────────┼───────────────────────┼────────────────┼──────────────────────┤
│ trip-logs-2025       │ trip-logs-2025        │ 771937026038   │ [Not specified]      │
└──────────────────────┴───────────────────────┴────────────────┴──────────────────────┘
[info] 
[info] 7 project(s) total.
[debug] [2026-05-02T08:27:36.849Z] Error: Timed out.
    at Timeout._onTimeout (C:\Users\karth\AppData\Roaming\npm\node_modules\firebase-tools\lib\utils.js:309:49)
    at listOnTimeout (node:internal/timers:588:17)
    at process.processTimers (node:internal/timers:523:7)
[error] 
[error] Error: An unexpected error has occurred.
